<?xml version="1.0" encoding="UTF-8"?>
<!-- Generated by org.testng.reporters.JUnitReportReporter -->
<testsuite skipped="0" hostname="it-202009060325" name="source.HttpClient.MyHttpClient" tests="1" failures="0" timestamp="2020-09-24T01:03:17 CST" time="0.477" errors="0">
  <testcase name="doT" time="0.477" classname="source.HttpClient.MyHttpClient"/>
  <system-out/>
</testsuite> <!-- source.HttpClient.MyHttpClient -->
